<?xml version="1.0"?>
<!DOCTYPE module PUBLIC
    "-//Puppy Crawl//DTD Check Configuration 1.3//EN"
    "http://www.puppycrawl.com/dtds/configuration_1_3.dtd">

<module name="Checker">

  <!-- no explicit TAB characters in source code plz (set editor to use spaces) -->
  <module name="FileTabCharacter"/>

</module> <!-- END Checker -->

  <!-- TEMPLATE PARAMETERIZED CHECK
    <module name="">
      <property name="" value="" />
    </module>
  -->
